<?xml version="1.0" encoding="UTF-8"?>
<testsuite name="com.csc.TestFuzzyFinder" tests="1" skipped="0" failures="0" errors="0" timestamp="2024-11-11T06:42:42" hostname="CHRIS-LAPTOP" time="0.011">
  <properties/>
  <testcase name="testingSortedLinearAndBinary()" classname="com.csc.TestFuzzyFinder" time="0.011"/>
  <system-out><![CDATA[]]></system-out>
  <system-err><![CDATA[]]></system-err>
</testsuite>
